<?xml version="1.0" encoding="UTF-8"?>
<!-- Generated by org.testng.reporters.JUnitReportReporter -->
<testsuite hostname="DESKTOP-2FI2TML" failures="0" tests="1" name="tests.Tests" time="89.211" errors="0" timestamp="2021-04-20T14:54:10 ART" skipped="0">
  <testcase classname="tests.Tests" name="primerTest" time="89.211"/>
  <system-out/>
</testsuite> <!-- tests.Tests -->
